TN:
SF:/run/media/cyclosarin/860 EVO/BME & Work/MSc/2. semester/CompSec/Computer-Security-Homework-2021-SHAjt/Parser/include/Utilities.hpp
FN:21,_ZN9utilities14bytesToIntegerESt6vectorIhSaIhEE
FN:35,_ZN9utilities11SafeAdvanceIN9__gnu_cxx17__normal_iteratorIPhSt6vectorIhSaIhEEEEEEvRT_S8_m
FNDA:228,_ZN9utilities11SafeAdvanceIN9__gnu_cxx17__normal_iteratorIPhSt6vectorIhSaIhEEEEEEvRT_S8_m
FNDA:44,_ZN9utilities14bytesToIntegerESt6vectorIhSaIhEE
FNF:2
FNH:2
DA:21,44
DA:23,44
DA:24,44
DA:25,328
DA:27,284
DA:28,284
DA:31,44
DA:35,228
DA:37,228
DA:39,228
DA:43,0
DA:45,228
LF:12
LH:11
end_of_record
TN:
SF:/run/media/cyclosarin/860 EVO/BME & Work/MSc/2. semester/CompSec/Computer-Security-Homework-2021-SHAjt/Parser/src/CaffParser.cpp
FN:9,_ZNK10CaffParser5parseESt6vectorIhSaIhEE
FN:58,_ZNK10CaffParser20readNextBlockHeader_ESt6vectorIhSaIhEE
FN:84,_ZNK10CaffParser17parseHeaderBlock_ESt6vectorIhSaIhEE
FN:108,_ZNK10CaffParser18parseCreditsBlock_ESt6vectorIhSaIhEEm
FN:142,_ZNK10CaffParser20parseAnimationBlock_ESt6vectorIhSaIhEE
FNDA:2,_ZNK10CaffParser5parseESt6vectorIhSaIhEE
FNDA:2,_ZNK10CaffParser18parseCreditsBlock_ESt6vectorIhSaIhEEm
FNDA:4,_ZNK10CaffParser20parseAnimationBlock_ESt6vectorIhSaIhEE
FNDA:8,_ZNK10CaffParser20readNextBlockHeader_ESt6vectorIhSaIhEE
FNDA:2,_ZNK10CaffParser17parseHeaderBlock_ESt6vectorIhSaIhEE
FNF:5
FNH:5
DA:9,2
DA:11,2
DA:13,0
DA:15,2
DA:17,2
DA:18,2
DA:20,2
DA:22,0
DA:26,2
DA:28,0
DA:31,2
DA:32,2
DA:34,2
DA:35,2
DA:37,8
DA:39,6
DA:40,6
DA:42,6
DA:43,6
DA:45,4
DA:46,2
DA:47,2
DA:48,4
DA:50,8
DA:51,4
DA:52,4
DA:55,4
DA:56,0
DA:58,8
DA:60,8
DA:62,0
DA:66,8
DA:67,8
DA:69,0
DA:73,8
DA:74,8
DA:77,8
DA:78,8
DA:80,8
DA:84,2
DA:86,2
DA:88,4
DA:90,0
DA:91,2
DA:92,2
DA:94,2
DA:97,0
DA:99,2
DA:101,2
DA:103,2
DA:105,2
DA:108,2
DA:110,2
DA:111,2
DA:112,2
DA:113,2
DA:114,2
DA:115,2
DA:116,2
DA:117,2
DA:118,2
DA:119,2
DA:120,2
DA:122,2
DA:123,2
DA:124,2
DA:126,0
DA:129,2
DA:131,2
DA:132,2
DA:133,2
DA:134,2
DA:135,2
DA:136,2
DA:137,2
DA:139,4
DA:140,2
DA:142,4
DA:144,4
DA:145,4
DA:146,4
DA:149,8
DA:151,4
DA:152,4
DA:153,4
DA:154,8
DA:155,4
LF:87
LH:78
end_of_record
TN:
SF:/run/media/cyclosarin/860 EVO/BME & Work/MSc/2. semester/CompSec/Computer-Security-Homework-2021-SHAjt/Parser/src/CiffParser.cpp
FN:7,_ZNK10CiffParser5parseESt6vectorIhSaIhEE
FN:23,_ZNK10CiffParser12parseHeader_ESt6vectorIhSaIhEE
FNDA:4,_ZNK10CiffParser5parseESt6vectorIhSaIhEE
FNDA:4,_ZNK10CiffParser12parseHeader_ESt6vectorIhSaIhEE
FNF:2
FNH:2
DA:7,4
DA:9,4
DA:10,4
DA:11,4
DA:13,4
DA:14,8
DA:16,4
DA:17,4
DA:18,4
DA:20,8
DA:21,4
DA:23,4
DA:25,4
DA:26,4
DA:27,8
DA:29,0
DA:30,4
DA:31,4
DA:33,4
DA:34,4
DA:35,4
DA:36,4
DA:37,4
DA:38,4
DA:40,4
DA:41,72
DA:43,68
DA:45,4
DA:47,4
DA:49,4
DA:51,4
DA:52,4
DA:53,112
DA:55,108
DA:57,12
DA:59,12
DA:61,108
DA:65,4
DA:67,0
DA:70,4
DA:71,4
DA:72,4
DA:73,4
DA:74,4
DA:75,4
DA:77,8
DA:78,4
LF:47
LH:45
end_of_record
TN:
SF:/run/media/cyclosarin/860 EVO/BME & Work/MSc/2. semester/CompSec/Computer-Security-Homework-2021-SHAjt/Parser/test/ParserTest.cc
FN:8,_ZN33ParserTest_FirstTestFileTest_TestC2Ev
FN:8,_ZN33ParserTest_FirstTestFileTest_Test8TestBodyEv
FN:8,_ZN33ParserTest_FirstTestFileTest_TestD0Ev
FN:8,_ZN33ParserTest_FirstTestFileTest_TestD2Ev
FNDA:2,_ZN33ParserTest_FirstTestFileTest_TestC2Ev
FNDA:2,_ZN33ParserTest_FirstTestFileTest_Test8TestBodyEv
FNDA:2,_ZN33ParserTest_FirstTestFileTest_TestD0Ev
FNDA:2,_ZN33ParserTest_FirstTestFileTest_TestD2Ev
FNF:4
FNH:4
DA:8,8
DA:10,2
DA:11,2
DA:13,2
DA:14,2
DA:15,2
DA:17,2
DA:18,2
DA:19,2
DA:26,2
DA:29,2
DA:30,2
DA:31,6
DA:33,4
DA:34,4
DA:35,4
DA:36,4
DA:37,4
DA:38,4
DA:39,4
DA:40,4
DA:41,4
DA:42,4
DA:43,4
DA:44,2
LF:25
LH:25
end_of_record
